/!\ FAILSAFE /!\  Mon Dec 15 10:24:50 +0530 2014
  Status: 500 Internal Server Error
  Unknown database 'todo_production'
    /home/user/.rvm/gems/ruby-1.8.7-head/gems/activerecord-2.3.8/lib/active_record/connection_adapters/mysql_adapter.rb:619:in `real_connect'
    /home/user/.rvm/gems/ruby-1.8.7-head/gems/activerecord-2.3.8/lib/active_record/connection_adapters/mysql_adapter.rb:619:in `connect'
    /home/user/.rvm/gems/ruby-1.8.7-head/gems/activerecord-2.3.8/lib/active_record/connection_adapters/mysql_adapter.rb:203:in `initialize'
    /home/user/.rvm/gems/ruby-1.8.7-head/gems/activerecord-2.3.8/lib/active_record/connection_adapters/mysql_adapter.rb:75:in `new'
    /home/user/.rvm/gems/ruby-1.8.7-head/gems/activerecord-2.3.8/lib/active_record/connection_adapters/mysql_adapter.rb:75:in `mysql_connection'
    /home/user/.rvm/gems/ruby-1.8.7-head/gems/activerecord-2.3.8/lib/active_record/connection_adapters/abstract/connection_pool.rb:223:in `send'
    /home/user/.rvm/gems/ruby-1.8.7-head/gems/activerecord-2.3.8/lib/active_record/connection_adapters/abstract/connection_pool.rb:223:in `new_connection'
    /home/user/.rvm/gems/ruby-1.8.7-head/gems/activerecord-2.3.8/lib/active_record/connection_adapters/abstract/connection_pool.rb:245:in `checkout_new_connection'
    /home/user/.rvm/gems/ruby-1.8.7-head/gems/activerecord-2.3.8/lib/active_record/connection_adapters/abstract/connection_pool.rb:188:in `checkout'
    /home/user/.rvm/gems/ruby-1.8.7-head/gems/activerecord-2.3.8/lib/active_record/connection_adapters/abstract/connection_pool.rb:184:in `loop'
    /home/user/.rvm/gems/ruby-1.8.7-head/gems/activerecord-2.3.8/lib/active_record/connection_adapters/abstract/connection_pool.rb:184:in `checkout'
    /home/user/.rvm/rubies/ruby-1.8.7-head/lib/ruby/1.8/monitor.rb:242:in `synchronize'
    /home/user/.rvm/gems/ruby-1.8.7-head/gems/activerecord-2.3.8/lib/active_record/connection_adapters/abstract/connection_pool.rb:183:in `checkout'
    /home/user/.rvm/gems/ruby-1.8.7-head/gems/activerecord-2.3.8/lib/active_record/connection_adapters/abstract/connection_pool.rb:98:in `connection'
    /home/user/.rvm/gems/ruby-1.8.7-head/gems/activerecord-2.3.8/lib/active_record/connection_adapters/abstract/connection_pool.rb:326:in `retrieve_connection'
    /home/user/.rvm/gems/ruby-1.8.7-head/gems/activerecord-2.3.8/lib/active_record/connection_adapters/abstract/connection_specification.rb:123:in `retrieve_connection'
    /home/user/.rvm/gems/ruby-1.8.7-head/gems/activerecord-2.3.8/lib/active_record/connection_adapters/abstract/connection_specification.rb:115:in `connection'
    /home/user/.rvm/gems/ruby-1.8.7-head/gems/activerecord-2.3.8/lib/active_record/query_cache.rb:9:in `cache'
    /home/user/.rvm/gems/ruby-1.8.7-head/gems/activerecord-2.3.8/lib/active_record/query_cache.rb:28:in `call'
    /home/user/.rvm/gems/ruby-1.8.7-head/gems/activerecord-2.3.8/lib/active_record/connection_adapters/abstract/connection_pool.rb:361:in `call'
    /home/user/.rvm/gems/ruby-1.8.7-head/gems/sass-3.4.9/rails/../lib/sass/plugin/rack.rb:54:in `call'
    /home/user/.rvm/gems/ruby-1.8.7-head/gems/actionpack-2.3.8/lib/action_controller/string_coercion.rb:25:in `call'
    /home/user/.rvm/gems/ruby-1.8.7-head/gems/rack-1.1.6/lib/rack/head.rb:9:in `call'
    /home/user/.rvm/gems/ruby-1.8.7-head/gems/rack-1.1.6/lib/rack/methodoverride.rb:24:in `call'
    /home/user/.rvm/gems/ruby-1.8.7-head/gems/actionpack-2.3.8/lib/action_controller/params_parser.rb:15:in `call'
    /home/user/.rvm/gems/ruby-1.8.7-head/gems/actionpack-2.3.8/lib/action_controller/session/cookie_store.rb:99:in `call'
    /home/user/.rvm/gems/ruby-1.8.7-head/gems/actionpack-2.3.8/lib/action_controller/failsafe.rb:26:in `call'
    /home/user/.rvm/gems/ruby-1.8.7-head/gems/rack-1.1.6/lib/rack/lock.rb:11:in `call'
    /home/user/.rvm/gems/ruby-1.8.7-head/gems/rack-1.1.6/lib/rack/lock.rb:11:in `synchronize'
    /home/user/.rvm/gems/ruby-1.8.7-head/gems/rack-1.1.6/lib/rack/lock.rb:11:in `call'
    /home/user/.rvm/gems/ruby-1.8.7-head/gems/actionpack-2.3.8/lib/action_controller/dispatcher.rb:106:in `call'
    /home/user/.rvm/gems/ruby-1.8.7-head/gems/rails-2.3.8/lib/rails/rack/static.rb:31:in `call'
    /home/user/.rvm/gems/ruby-1.8.7-head/gems/rack-1.1.6/lib/rack/urlmap.rb:47:in `call'
    /home/user/.rvm/gems/ruby-1.8.7-head/gems/rack-1.1.6/lib/rack/urlmap.rb:41:in `each'
    /home/user/.rvm/gems/ruby-1.8.7-head/gems/rack-1.1.6/lib/rack/urlmap.rb:41:in `call'
    /home/user/.rvm/gems/ruby-1.8.7-head/gems/rails-2.3.8/lib/rails/rack/log_tailer.rb:17:in `call'
    /home/user/.rvm/gems/ruby-1.8.7-head/gems/rack-1.1.6/lib/rack/content_length.rb:13:in `call'
    /home/user/.rvm/gems/ruby-1.8.7-head/gems/rack-1.1.6/lib/rack/chunked.rb:15:in `call'
    /home/user/.rvm/gems/ruby-1.8.7-head/gems/rack-1.1.6/lib/rack/handler/mongrel.rb:67:in `process'
    /home/user/.rvm/gems/ruby-1.8.7-head/gems/mongrel-1.1.5/lib/mongrel.rb:159:in `process_client'
    /home/user/.rvm/gems/ruby-1.8.7-head/gems/mongrel-1.1.5/lib/mongrel.rb:158:in `each'
    /home/user/.rvm/gems/ruby-1.8.7-head/gems/mongrel-1.1.5/lib/mongrel.rb:158:in `process_client'
    /home/user/.rvm/gems/ruby-1.8.7-head/gems/mongrel-1.1.5/lib/mongrel.rb:285:in `run'
    /home/user/.rvm/gems/ruby-1.8.7-head/gems/mongrel-1.1.5/lib/mongrel.rb:285:in `initialize'
    /home/user/.rvm/gems/ruby-1.8.7-head/gems/mongrel-1.1.5/lib/mongrel.rb:285:in `new'
    /home/user/.rvm/gems/ruby-1.8.7-head/gems/mongrel-1.1.5/lib/mongrel.rb:285:in `run'
    /home/user/.rvm/gems/ruby-1.8.7-head/gems/mongrel-1.1.5/lib/mongrel.rb:268:in `initialize'
    /home/user/.rvm/gems/ruby-1.8.7-head/gems/mongrel-1.1.5/lib/mongrel.rb:268:in `new'
    /home/user/.rvm/gems/ruby-1.8.7-head/gems/mongrel-1.1.5/lib/mongrel.rb:268:in `run'
    /home/user/.rvm/gems/ruby-1.8.7-head/gems/rack-1.1.6/lib/rack/handler/mongrel.rb:38:in `run'
    /home/user/.rvm/gems/ruby-1.8.7-head/gems/rails-2.3.8/lib/commands/server.rb:111
    script/server:3:in `require'
    script/server:3
/!\ FAILSAFE /!\  Mon Dec 15 10:24:56 +0530 2014
  Status: 500 Internal Server Error
  Unknown database 'todo_production'
    /home/user/.rvm/gems/ruby-1.8.7-head/gems/activerecord-2.3.8/lib/active_record/connection_adapters/mysql_adapter.rb:619:in `real_connect'
    /home/user/.rvm/gems/ruby-1.8.7-head/gems/activerecord-2.3.8/lib/active_record/connection_adapters/mysql_adapter.rb:619:in `connect'
    /home/user/.rvm/gems/ruby-1.8.7-head/gems/activerecord-2.3.8/lib/active_record/connection_adapters/mysql_adapter.rb:203:in `initialize'
    /home/user/.rvm/gems/ruby-1.8.7-head/gems/activerecord-2.3.8/lib/active_record/connection_adapters/mysql_adapter.rb:75:in `new'
    /home/user/.rvm/gems/ruby-1.8.7-head/gems/activerecord-2.3.8/lib/active_record/connection_adapters/mysql_adapter.rb:75:in `mysql_connection'
    /home/user/.rvm/gems/ruby-1.8.7-head/gems/activerecord-2.3.8/lib/active_record/connection_adapters/abstract/connection_pool.rb:223:in `send'
    /home/user/.rvm/gems/ruby-1.8.7-head/gems/activerecord-2.3.8/lib/active_record/connection_adapters/abstract/connection_pool.rb:223:in `new_connection'
    /home/user/.rvm/gems/ruby-1.8.7-head/gems/activerecord-2.3.8/lib/active_record/connection_adapters/abstract/connection_pool.rb:245:in `checkout_new_connection'
    /home/user/.rvm/gems/ruby-1.8.7-head/gems/activerecord-2.3.8/lib/active_record/connection_adapters/abstract/connection_pool.rb:188:in `checkout'
    /home/user/.rvm/gems/ruby-1.8.7-head/gems/activerecord-2.3.8/lib/active_record/connection_adapters/abstract/connection_pool.rb:184:in `loop'
    /home/user/.rvm/gems/ruby-1.8.7-head/gems/activerecord-2.3.8/lib/active_record/connection_adapters/abstract/connection_pool.rb:184:in `checkout'
    /home/user/.rvm/rubies/ruby-1.8.7-head/lib/ruby/1.8/monitor.rb:242:in `synchronize'
    /home/user/.rvm/gems/ruby-1.8.7-head/gems/activerecord-2.3.8/lib/active_record/connection_adapters/abstract/connection_pool.rb:183:in `checkout'
    /home/user/.rvm/gems/ruby-1.8.7-head/gems/activerecord-2.3.8/lib/active_record/connection_adapters/abstract/connection_pool.rb:98:in `connection'
    /home/user/.rvm/gems/ruby-1.8.7-head/gems/activerecord-2.3.8/lib/active_record/connection_adapters/abstract/connection_pool.rb:326:in `retrieve_connection'
    /home/user/.rvm/gems/ruby-1.8.7-head/gems/activerecord-2.3.8/lib/active_record/connection_adapters/abstract/connection_specification.rb:123:in `retrieve_connection'
    /home/user/.rvm/gems/ruby-1.8.7-head/gems/activerecord-2.3.8/lib/active_record/connection_adapters/abstract/connection_specification.rb:115:in `connection'
    /home/user/.rvm/gems/ruby-1.8.7-head/gems/activerecord-2.3.8/lib/active_record/query_cache.rb:9:in `cache'
    /home/user/.rvm/gems/ruby-1.8.7-head/gems/activerecord-2.3.8/lib/active_record/query_cache.rb:28:in `call'
    /home/user/.rvm/gems/ruby-1.8.7-head/gems/activerecord-2.3.8/lib/active_record/connection_adapters/abstract/connection_pool.rb:361:in `call'
    /home/user/.rvm/gems/ruby-1.8.7-head/gems/sass-3.4.9/rails/../lib/sass/plugin/rack.rb:54:in `call'
    /home/user/.rvm/gems/ruby-1.8.7-head/gems/actionpack-2.3.8/lib/action_controller/string_coercion.rb:25:in `call'
    /home/user/.rvm/gems/ruby-1.8.7-head/gems/rack-1.1.6/lib/rack/head.rb:9:in `call'
    /home/user/.rvm/gems/ruby-1.8.7-head/gems/rack-1.1.6/lib/rack/methodoverride.rb:24:in `call'
    /home/user/.rvm/gems/ruby-1.8.7-head/gems/actionpack-2.3.8/lib/action_controller/params_parser.rb:15:in `call'
    /home/user/.rvm/gems/ruby-1.8.7-head/gems/actionpack-2.3.8/lib/action_controller/session/cookie_store.rb:99:in `call'
    /home/user/.rvm/gems/ruby-1.8.7-head/gems/actionpack-2.3.8/lib/action_controller/failsafe.rb:26:in `call'
    /home/user/.rvm/gems/ruby-1.8.7-head/gems/rack-1.1.6/lib/rack/lock.rb:11:in `call'
    /home/user/.rvm/gems/ruby-1.8.7-head/gems/rack-1.1.6/lib/rack/lock.rb:11:in `synchronize'
    /home/user/.rvm/gems/ruby-1.8.7-head/gems/rack-1.1.6/lib/rack/lock.rb:11:in `call'
    /home/user/.rvm/gems/ruby-1.8.7-head/gems/actionpack-2.3.8/lib/action_controller/dispatcher.rb:106:in `call'
    /home/user/.rvm/gems/ruby-1.8.7-head/gems/rails-2.3.8/lib/rails/rack/static.rb:31:in `call'
    /home/user/.rvm/gems/ruby-1.8.7-head/gems/rack-1.1.6/lib/rack/urlmap.rb:47:in `call'
    /home/user/.rvm/gems/ruby-1.8.7-head/gems/rack-1.1.6/lib/rack/urlmap.rb:41:in `each'
    /home/user/.rvm/gems/ruby-1.8.7-head/gems/rack-1.1.6/lib/rack/urlmap.rb:41:in `call'
    /home/user/.rvm/gems/ruby-1.8.7-head/gems/rails-2.3.8/lib/rails/rack/log_tailer.rb:17:in `call'
    /home/user/.rvm/gems/ruby-1.8.7-head/gems/rack-1.1.6/lib/rack/content_length.rb:13:in `call'
    /home/user/.rvm/gems/ruby-1.8.7-head/gems/rack-1.1.6/lib/rack/chunked.rb:15:in `call'
    /home/user/.rvm/gems/ruby-1.8.7-head/gems/rack-1.1.6/lib/rack/handler/mongrel.rb:67:in `process'
    /home/user/.rvm/gems/ruby-1.8.7-head/gems/mongrel-1.1.5/lib/mongrel.rb:159:in `process_client'
    /home/user/.rvm/gems/ruby-1.8.7-head/gems/mongrel-1.1.5/lib/mongrel.rb:158:in `each'
    /home/user/.rvm/gems/ruby-1.8.7-head/gems/mongrel-1.1.5/lib/mongrel.rb:158:in `process_client'
    /home/user/.rvm/gems/ruby-1.8.7-head/gems/mongrel-1.1.5/lib/mongrel.rb:285:in `run'
    /home/user/.rvm/gems/ruby-1.8.7-head/gems/mongrel-1.1.5/lib/mongrel.rb:285:in `initialize'
    /home/user/.rvm/gems/ruby-1.8.7-head/gems/mongrel-1.1.5/lib/mongrel.rb:285:in `new'
    /home/user/.rvm/gems/ruby-1.8.7-head/gems/mongrel-1.1.5/lib/mongrel.rb:285:in `run'
    /home/user/.rvm/gems/ruby-1.8.7-head/gems/mongrel-1.1.5/lib/mongrel.rb:268:in `initialize'
    /home/user/.rvm/gems/ruby-1.8.7-head/gems/mongrel-1.1.5/lib/mongrel.rb:268:in `new'
    /home/user/.rvm/gems/ruby-1.8.7-head/gems/mongrel-1.1.5/lib/mongrel.rb:268:in `run'
    /home/user/.rvm/gems/ruby-1.8.7-head/gems/rack-1.1.6/lib/rack/handler/mongrel.rb:38:in `run'
    /home/user/.rvm/gems/ruby-1.8.7-head/gems/rails-2.3.8/lib/commands/server.rb:111
    script/server:3:in `require'
    script/server:3
/!\ FAILSAFE /!\  Mon Dec 15 10:25:41 +0530 2014
  Status: 500 Internal Server Error
  Unknown database 'todo_production'
    /home/user/.rvm/gems/ruby-1.8.7-head/gems/activerecord-2.3.8/lib/active_record/connection_adapters/mysql_adapter.rb:619:in `real_connect'
    /home/user/.rvm/gems/ruby-1.8.7-head/gems/activerecord-2.3.8/lib/active_record/connection_adapters/mysql_adapter.rb:619:in `connect'
    /home/user/.rvm/gems/ruby-1.8.7-head/gems/activerecord-2.3.8/lib/active_record/connection_adapters/mysql_adapter.rb:203:in `initialize'
    /home/user/.rvm/gems/ruby-1.8.7-head/gems/activerecord-2.3.8/lib/active_record/connection_adapters/mysql_adapter.rb:75:in `new'
    /home/user/.rvm/gems/ruby-1.8.7-head/gems/activerecord-2.3.8/lib/active_record/connection_adapters/mysql_adapter.rb:75:in `mysql_connection'
    /home/user/.rvm/gems/ruby-1.8.7-head/gems/activerecord-2.3.8/lib/active_record/connection_adapters/abstract/connection_pool.rb:223:in `send'
    /home/user/.rvm/gems/ruby-1.8.7-head/gems/activerecord-2.3.8/lib/active_record/connection_adapters/abstract/connection_pool.rb:223:in `new_connection'
    /home/user/.rvm/gems/ruby-1.8.7-head/gems/activerecord-2.3.8/lib/active_record/connection_adapters/abstract/connection_pool.rb:245:in `checkout_new_connection'
    /home/user/.rvm/gems/ruby-1.8.7-head/gems/activerecord-2.3.8/lib/active_record/connection_adapters/abstract/connection_pool.rb:188:in `checkout'
    /home/user/.rvm/gems/ruby-1.8.7-head/gems/activerecord-2.3.8/lib/active_record/connection_adapters/abstract/connection_pool.rb:184:in `loop'
    /home/user/.rvm/gems/ruby-1.8.7-head/gems/activerecord-2.3.8/lib/active_record/connection_adapters/abstract/connection_pool.rb:184:in `checkout'
    /home/user/.rvm/rubies/ruby-1.8.7-head/lib/ruby/1.8/monitor.rb:242:in `synchronize'
    /home/user/.rvm/gems/ruby-1.8.7-head/gems/activerecord-2.3.8/lib/active_record/connection_adapters/abstract/connection_pool.rb:183:in `checkout'
    /home/user/.rvm/gems/ruby-1.8.7-head/gems/activerecord-2.3.8/lib/active_record/connection_adapters/abstract/connection_pool.rb:98:in `connection'
    /home/user/.rvm/gems/ruby-1.8.7-head/gems/activerecord-2.3.8/lib/active_record/connection_adapters/abstract/connection_pool.rb:326:in `retrieve_connection'
    /home/user/.rvm/gems/ruby-1.8.7-head/gems/activerecord-2.3.8/lib/active_record/connection_adapters/abstract/connection_specification.rb:123:in `retrieve_connection'
    /home/user/.rvm/gems/ruby-1.8.7-head/gems/activerecord-2.3.8/lib/active_record/connection_adapters/abstract/connection_specification.rb:115:in `connection'
    /home/user/.rvm/gems/ruby-1.8.7-head/gems/activerecord-2.3.8/lib/active_record/query_cache.rb:9:in `cache'
    /home/user/.rvm/gems/ruby-1.8.7-head/gems/activerecord-2.3.8/lib/active_record/query_cache.rb:28:in `call'
    /home/user/.rvm/gems/ruby-1.8.7-head/gems/activerecord-2.3.8/lib/active_record/connection_adapters/abstract/connection_pool.rb:361:in `call'
    /home/user/.rvm/gems/ruby-1.8.7-head/gems/sass-3.4.9/rails/../lib/sass/plugin/rack.rb:54:in `call'
    /home/user/.rvm/gems/ruby-1.8.7-head/gems/actionpack-2.3.8/lib/action_controller/string_coercion.rb:25:in `call'
    /home/user/.rvm/gems/ruby-1.8.7-head/gems/rack-1.1.6/lib/rack/head.rb:9:in `call'
    /home/user/.rvm/gems/ruby-1.8.7-head/gems/rack-1.1.6/lib/rack/methodoverride.rb:24:in `call'
    /home/user/.rvm/gems/ruby-1.8.7-head/gems/actionpack-2.3.8/lib/action_controller/params_parser.rb:15:in `call'
    /home/user/.rvm/gems/ruby-1.8.7-head/gems/actionpack-2.3.8/lib/action_controller/session/cookie_store.rb:99:in `call'
    /home/user/.rvm/gems/ruby-1.8.7-head/gems/actionpack-2.3.8/lib/action_controller/failsafe.rb:26:in `call'
    /home/user/.rvm/gems/ruby-1.8.7-head/gems/rack-1.1.6/lib/rack/lock.rb:11:in `call'
    /home/user/.rvm/gems/ruby-1.8.7-head/gems/rack-1.1.6/lib/rack/lock.rb:11:in `synchronize'
    /home/user/.rvm/gems/ruby-1.8.7-head/gems/rack-1.1.6/lib/rack/lock.rb:11:in `call'
    /home/user/.rvm/gems/ruby-1.8.7-head/gems/actionpack-2.3.8/lib/action_controller/dispatcher.rb:106:in `call'
    /home/user/.rvm/gems/ruby-1.8.7-head/gems/rails-2.3.8/lib/rails/rack/static.rb:31:in `call'
    /home/user/.rvm/gems/ruby-1.8.7-head/gems/rack-1.1.6/lib/rack/urlmap.rb:47:in `call'
    /home/user/.rvm/gems/ruby-1.8.7-head/gems/rack-1.1.6/lib/rack/urlmap.rb:41:in `each'
    /home/user/.rvm/gems/ruby-1.8.7-head/gems/rack-1.1.6/lib/rack/urlmap.rb:41:in `call'
    /home/user/.rvm/gems/ruby-1.8.7-head/gems/rails-2.3.8/lib/rails/rack/log_tailer.rb:17:in `call'
    /home/user/.rvm/gems/ruby-1.8.7-head/gems/rack-1.1.6/lib/rack/content_length.rb:13:in `call'
    /home/user/.rvm/gems/ruby-1.8.7-head/gems/rack-1.1.6/lib/rack/chunked.rb:15:in `call'
    /home/user/.rvm/gems/ruby-1.8.7-head/gems/rack-1.1.6/lib/rack/handler/mongrel.rb:67:in `process'
    /home/user/.rvm/gems/ruby-1.8.7-head/gems/mongrel-1.1.5/lib/mongrel.rb:159:in `process_client'
    /home/user/.rvm/gems/ruby-1.8.7-head/gems/mongrel-1.1.5/lib/mongrel.rb:158:in `each'
    /home/user/.rvm/gems/ruby-1.8.7-head/gems/mongrel-1.1.5/lib/mongrel.rb:158:in `process_client'
    /home/user/.rvm/gems/ruby-1.8.7-head/gems/mongrel-1.1.5/lib/mongrel.rb:285:in `run'
    /home/user/.rvm/gems/ruby-1.8.7-head/gems/mongrel-1.1.5/lib/mongrel.rb:285:in `initialize'
    /home/user/.rvm/gems/ruby-1.8.7-head/gems/mongrel-1.1.5/lib/mongrel.rb:285:in `new'
    /home/user/.rvm/gems/ruby-1.8.7-head/gems/mongrel-1.1.5/lib/mongrel.rb:285:in `run'
    /home/user/.rvm/gems/ruby-1.8.7-head/gems/mongrel-1.1.5/lib/mongrel.rb:268:in `initialize'
    /home/user/.rvm/gems/ruby-1.8.7-head/gems/mongrel-1.1.5/lib/mongrel.rb:268:in `new'
    /home/user/.rvm/gems/ruby-1.8.7-head/gems/mongrel-1.1.5/lib/mongrel.rb:268:in `run'
    /home/user/.rvm/gems/ruby-1.8.7-head/gems/rack-1.1.6/lib/rack/handler/mongrel.rb:38:in `run'
    /home/user/.rvm/gems/ruby-1.8.7-head/gems/rails-2.3.8/lib/commands/server.rb:111
    script/server:3:in `require'
    script/server:3
/!\ FAILSAFE /!\  Mon Dec 15 10:25:42 +0530 2014
  Status: 500 Internal Server Error
  Unknown database 'todo_production'
    /home/user/.rvm/gems/ruby-1.8.7-head/gems/activerecord-2.3.8/lib/active_record/connection_adapters/mysql_adapter.rb:619:in `real_connect'
    /home/user/.rvm/gems/ruby-1.8.7-head/gems/activerecord-2.3.8/lib/active_record/connection_adapters/mysql_adapter.rb:619:in `connect'
    /home/user/.rvm/gems/ruby-1.8.7-head/gems/activerecord-2.3.8/lib/active_record/connection_adapters/mysql_adapter.rb:203:in `initialize'
    /home/user/.rvm/gems/ruby-1.8.7-head/gems/activerecord-2.3.8/lib/active_record/connection_adapters/mysql_adapter.rb:75:in `new'
    /home/user/.rvm/gems/ruby-1.8.7-head/gems/activerecord-2.3.8/lib/active_record/connection_adapters/mysql_adapter.rb:75:in `mysql_connection'
    /home/user/.rvm/gems/ruby-1.8.7-head/gems/activerecord-2.3.8/lib/active_record/connection_adapters/abstract/connection_pool.rb:223:in `send'
    /home/user/.rvm/gems/ruby-1.8.7-head/gems/activerecord-2.3.8/lib/active_record/connection_adapters/abstract/connection_pool.rb:223:in `new_connection'
    /home/user/.rvm/gems/ruby-1.8.7-head/gems/activerecord-2.3.8/lib/active_record/connection_adapters/abstract/connection_pool.rb:245:in `checkout_new_connection'
    /home/user/.rvm/gems/ruby-1.8.7-head/gems/activerecord-2.3.8/lib/active_record/connection_adapters/abstract/connection_pool.rb:188:in `checkout'
    /home/user/.rvm/gems/ruby-1.8.7-head/gems/activerecord-2.3.8/lib/active_record/connection_adapters/abstract/connection_pool.rb:184:in `loop'
    /home/user/.rvm/gems/ruby-1.8.7-head/gems/activerecord-2.3.8/lib/active_record/connection_adapters/abstract/connection_pool.rb:184:in `checkout'
    /home/user/.rvm/rubies/ruby-1.8.7-head/lib/ruby/1.8/monitor.rb:242:in `synchronize'
    /home/user/.rvm/gems/ruby-1.8.7-head/gems/activerecord-2.3.8/lib/active_record/connection_adapters/abstract/connection_pool.rb:183:in `checkout'
    /home/user/.rvm/gems/ruby-1.8.7-head/gems/activerecord-2.3.8/lib/active_record/connection_adapters/abstract/connection_pool.rb:98:in `connection'
    /home/user/.rvm/gems/ruby-1.8.7-head/gems/activerecord-2.3.8/lib/active_record/connection_adapters/abstract/connection_pool.rb:326:in `retrieve_connection'
    /home/user/.rvm/gems/ruby-1.8.7-head/gems/activerecord-2.3.8/lib/active_record/connection_adapters/abstract/connection_specification.rb:123:in `retrieve_connection'
    /home/user/.rvm/gems/ruby-1.8.7-head/gems/activerecord-2.3.8/lib/active_record/connection_adapters/abstract/connection_specification.rb:115:in `connection'
    /home/user/.rvm/gems/ruby-1.8.7-head/gems/activerecord-2.3.8/lib/active_record/query_cache.rb:9:in `cache'
    /home/user/.rvm/gems/ruby-1.8.7-head/gems/activerecord-2.3.8/lib/active_record/query_cache.rb:28:in `call'
    /home/user/.rvm/gems/ruby-1.8.7-head/gems/activerecord-2.3.8/lib/active_record/connection_adapters/abstract/connection_pool.rb:361:in `call'
    /home/user/.rvm/gems/ruby-1.8.7-head/gems/sass-3.4.9/rails/../lib/sass/plugin/rack.rb:54:in `call'
    /home/user/.rvm/gems/ruby-1.8.7-head/gems/actionpack-2.3.8/lib/action_controller/string_coercion.rb:25:in `call'
    /home/user/.rvm/gems/ruby-1.8.7-head/gems/rack-1.1.6/lib/rack/head.rb:9:in `call'
    /home/user/.rvm/gems/ruby-1.8.7-head/gems/rack-1.1.6/lib/rack/methodoverride.rb:24:in `call'
    /home/user/.rvm/gems/ruby-1.8.7-head/gems/actionpack-2.3.8/lib/action_controller/params_parser.rb:15:in `call'
    /home/user/.rvm/gems/ruby-1.8.7-head/gems/actionpack-2.3.8/lib/action_controller/session/cookie_store.rb:99:in `call'
    /home/user/.rvm/gems/ruby-1.8.7-head/gems/actionpack-2.3.8/lib/action_controller/failsafe.rb:26:in `call'
    /home/user/.rvm/gems/ruby-1.8.7-head/gems/rack-1.1.6/lib/rack/lock.rb:11:in `call'
    /home/user/.rvm/gems/ruby-1.8.7-head/gems/rack-1.1.6/lib/rack/lock.rb:11:in `synchronize'
    /home/user/.rvm/gems/ruby-1.8.7-head/gems/rack-1.1.6/lib/rack/lock.rb:11:in `call'
    /home/user/.rvm/gems/ruby-1.8.7-head/gems/actionpack-2.3.8/lib/action_controller/dispatcher.rb:106:in `call'
    /home/user/.rvm/gems/ruby-1.8.7-head/gems/rails-2.3.8/lib/rails/rack/static.rb:31:in `call'
    /home/user/.rvm/gems/ruby-1.8.7-head/gems/rack-1.1.6/lib/rack/urlmap.rb:47:in `call'
    /home/user/.rvm/gems/ruby-1.8.7-head/gems/rack-1.1.6/lib/rack/urlmap.rb:41:in `each'
    /home/user/.rvm/gems/ruby-1.8.7-head/gems/rack-1.1.6/lib/rack/urlmap.rb:41:in `call'
    /home/user/.rvm/gems/ruby-1.8.7-head/gems/rails-2.3.8/lib/rails/rack/log_tailer.rb:17:in `call'
    /home/user/.rvm/gems/ruby-1.8.7-head/gems/rack-1.1.6/lib/rack/content_length.rb:13:in `call'
    /home/user/.rvm/gems/ruby-1.8.7-head/gems/rack-1.1.6/lib/rack/chunked.rb:15:in `call'
    /home/user/.rvm/gems/ruby-1.8.7-head/gems/rack-1.1.6/lib/rack/handler/mongrel.rb:67:in `process'
    /home/user/.rvm/gems/ruby-1.8.7-head/gems/mongrel-1.1.5/lib/mongrel.rb:159:in `process_client'
    /home/user/.rvm/gems/ruby-1.8.7-head/gems/mongrel-1.1.5/lib/mongrel.rb:158:in `each'
    /home/user/.rvm/gems/ruby-1.8.7-head/gems/mongrel-1.1.5/lib/mongrel.rb:158:in `process_client'
    /home/user/.rvm/gems/ruby-1.8.7-head/gems/mongrel-1.1.5/lib/mongrel.rb:285:in `run'
    /home/user/.rvm/gems/ruby-1.8.7-head/gems/mongrel-1.1.5/lib/mongrel.rb:285:in `initialize'
    /home/user/.rvm/gems/ruby-1.8.7-head/gems/mongrel-1.1.5/lib/mongrel.rb:285:in `new'
    /home/user/.rvm/gems/ruby-1.8.7-head/gems/mongrel-1.1.5/lib/mongrel.rb:285:in `run'
    /home/user/.rvm/gems/ruby-1.8.7-head/gems/mongrel-1.1.5/lib/mongrel.rb:268:in `initialize'
    /home/user/.rvm/gems/ruby-1.8.7-head/gems/mongrel-1.1.5/lib/mongrel.rb:268:in `new'
    /home/user/.rvm/gems/ruby-1.8.7-head/gems/mongrel-1.1.5/lib/mongrel.rb:268:in `run'
    /home/user/.rvm/gems/ruby-1.8.7-head/gems/rack-1.1.6/lib/rack/handler/mongrel.rb:38:in `run'
    /home/user/.rvm/gems/ruby-1.8.7-head/gems/rails-2.3.8/lib/commands/server.rb:111
    script/server:3:in `require'
    script/server:3


Processing TasksController#index (for 192.168.1.42 at 2014-12-15 10:25:48) [GET]
  Parameters: {"action"=>"index", "controller"=>"tasks"}
Rendering template within layouts/application
Rendering tasks/index
Completed in 91ms (View: 5, DB: 35) | 200 OK [http://192.168.1.42/]


Processing ApplicationController#index (for 192.168.1.42 at 2014-12-15 10:25:48) [GET]

ActionController::RoutingError (No route matches "/fonts/lato/lato-regular.woff" with {:method=>:get}):
  sass (3.4.9) rails/./lib/sass/plugin/rack.rb:54:in `call'

Rendering /home/user/training/rails/todo/public/404.html (404 Not Found)


Processing ApplicationController#index (for 192.168.1.42 at 2014-12-15 10:25:48) [GET]

ActionController::RoutingError (No route matches "/fonts/lato/lato-regular.ttf" with {:method=>:get}):
  sass (3.4.9) rails/./lib/sass/plugin/rack.rb:54:in `call'

Rendering /home/user/training/rails/todo/public/404.html (404 Not Found)


Processing TasksController#index (for 192.168.1.42 at 2014-12-15 10:25:52) [GET]
  Parameters: {"completed"=>"true", "action"=>"index", "controller"=>"tasks"}
Rendering template within layouts/application
Rendering tasks/index
Completed in 35ms (View: 2, DB: 27) | 200 OK [http://192.168.1.42/tasks?completed=true]


Processing ApplicationController#index (for 192.168.1.42 at 2014-12-15 10:25:52) [GET]

ActionController::RoutingError (No route matches "/fonts/lato/lato-regular.woff" with {:method=>:get}):
  sass (3.4.9) rails/./lib/sass/plugin/rack.rb:54:in `call'

Rendering /home/user/training/rails/todo/public/404.html (404 Not Found)


Processing ApplicationController#index (for 192.168.1.42 at 2014-12-15 10:25:52) [GET]

ActionController::RoutingError (No route matches "/fonts/lato/lato-regular.ttf" with {:method=>:get}):
  sass (3.4.9) rails/./lib/sass/plugin/rack.rb:54:in `call'

Rendering /home/user/training/rails/todo/public/404.html (404 Not Found)


Processing TasksController#index (for 192.168.1.42 at 2014-12-15 10:25:53) [GET]
  Parameters: {"action"=>"index", "controller"=>"tasks"}
Rendering template within layouts/application
Rendering tasks/index
Completed in 81ms (View: 7, DB: 70) | 200 OK [http://192.168.1.42/tasks]


Processing ApplicationController#index (for 192.168.1.42 at 2014-12-15 10:25:54) [GET]

ActionController::RoutingError (No route matches "/fonts/lato/lato-regular.woff" with {:method=>:get}):
  sass (3.4.9) rails/./lib/sass/plugin/rack.rb:54:in `call'

Rendering /home/user/training/rails/todo/public/404.html (404 Not Found)


Processing ApplicationController#index (for 192.168.1.42 at 2014-12-15 10:25:54) [GET]

ActionController::RoutingError (No route matches "/fonts/lato/lato-regular.ttf" with {:method=>:get}):
  sass (3.4.9) rails/./lib/sass/plugin/rack.rb:54:in `call'

Rendering /home/user/training/rails/todo/public/404.html (404 Not Found)


Processing TasksController#index (for 192.168.1.42 at 2014-12-15 10:25:54) [GET]
  Parameters: {"completed"=>"true", "action"=>"index", "controller"=>"tasks"}
Rendering template within layouts/application
Rendering tasks/index
Completed in 48ms (View: 2, DB: 42) | 200 OK [http://192.168.1.42/tasks?completed=true]


Processing ApplicationController#index (for 192.168.1.42 at 2014-12-15 10:25:54) [GET]

ActionController::RoutingError (No route matches "/fonts/lato/lato-regular.woff" with {:method=>:get}):
  sass (3.4.9) rails/./lib/sass/plugin/rack.rb:54:in `call'

Rendering /home/user/training/rails/todo/public/404.html (404 Not Found)


Processing ApplicationController#index (for 192.168.1.42 at 2014-12-15 10:25:55) [GET]

ActionController::RoutingError (No route matches "/fonts/lato/lato-regular.ttf" with {:method=>:get}):
  sass (3.4.9) rails/./lib/sass/plugin/rack.rb:54:in `call'

Rendering /home/user/training/rails/todo/public/404.html (404 Not Found)


Processing TasksController#show (for 192.168.1.42 at 2014-12-15 10:25:56) [GET]
  Parameters: {"action"=>"show", "id"=>"170", "controller"=>"tasks"}
Rendering template within layouts/application
Rendering tasks/show
Completed in 56ms (View: 7, DB: 44) | 200 OK [http://192.168.1.42/tasks/170]


Processing ApplicationController#index (for 192.168.1.42 at 2014-12-15 10:25:56) [GET]

ActionController::RoutingError (No route matches "/fonts/lato/lato-regular.woff" with {:method=>:get}):
  sass (3.4.9) rails/./lib/sass/plugin/rack.rb:54:in `call'

Rendering /home/user/training/rails/todo/public/404.html (404 Not Found)


Processing ApplicationController#index (for 192.168.1.42 at 2014-12-15 10:25:56) [GET]

ActionController::RoutingError (No route matches "/fonts/lato/lato-regular.ttf" with {:method=>:get}):
  sass (3.4.9) rails/./lib/sass/plugin/rack.rb:54:in `call'

Rendering /home/user/training/rails/todo/public/404.html (404 Not Found)


Processing TasksController#change_progress (for 192.168.1.42 at 2014-12-15 10:26:01) [PUT]
  Parameters: {"task"=>{"id"=>"170", "progress"=>"0"}, "action"=>"change_progress", "controller"=>"tasks"}

ActionView::MissingTemplate (Missing template tasks/change_progress.erb in view path app/views):
  sass (3.4.9) rails/./lib/sass/plugin/rack.rb:54:in `call'

Rendering /home/user/training/rails/todo/public/500.html (500 Internal Server Error)


Processing ApplicationController#index (for 192.168.1.42 at 2014-12-15 10:26:06) [GET]

ActionController::RoutingError (No route matches "/fonts/lato/lato-bold.woff" with {:method=>:get}):
  sass (3.4.9) rails/./lib/sass/plugin/rack.rb:54:in `call'

Rendering /home/user/training/rails/todo/public/404.html (404 Not Found)


Processing ApplicationController#index (for 192.168.1.42 at 2014-12-15 10:26:06) [GET]

ActionController::RoutingError (No route matches "/fonts/lato/lato-bold.ttf" with {:method=>:get}):
  sass (3.4.9) rails/./lib/sass/plugin/rack.rb:54:in `call'

Rendering /home/user/training/rails/todo/public/404.html (404 Not Found)


Processing TasksController#share_task (for 192.168.1.42 at 2014-12-15 10:26:09) [PUT]
  Parameters: {"action"=>"share_task", "authenticity_token"=>"CrYfk66QhLpdHZvyaryDgpYxyBFPTf7GIaNajrI+pdI=", "id"=>"170", "check"=>{"5"=>"on", "4"=>"on"}, "_method"=>"put", "controller"=>"tasks"}
Redirected to http://192.168.1.42:3000/tasks/170
Completed in 184ms (DB: 116) | 302 Found [http://192.168.1.42/tasks/share_task/170]


Processing TasksController#show (for 192.168.1.42 at 2014-12-15 10:26:09) [GET]
  Parameters: {"action"=>"show", "id"=>"170", "controller"=>"tasks"}
Rendering template within layouts/application
Rendering tasks/show
Completed in 44ms (View: 8, DB: 33) | 200 OK [http://192.168.1.42/tasks/170]


Processing ApplicationController#index (for 192.168.1.42 at 2014-12-15 10:26:09) [GET]

ActionController::RoutingError (No route matches "/fonts/lato/lato-regular.woff" with {:method=>:get}):
  sass (3.4.9) rails/./lib/sass/plugin/rack.rb:54:in `call'

Rendering /home/user/training/rails/todo/public/404.html (404 Not Found)


Processing ApplicationController#index (for 192.168.1.42 at 2014-12-15 10:26:09) [GET]

ActionController::RoutingError (No route matches "/fonts/lato/lato-regular.ttf" with {:method=>:get}):
  sass (3.4.9) rails/./lib/sass/plugin/rack.rb:54:in `call'

Rendering /home/user/training/rails/todo/public/404.html (404 Not Found)


Processing ApplicationController#index (for 192.168.1.42 at 2014-12-15 10:26:13) [GET]

ActionController::RoutingError (No route matches "/javascripts/jquery.min.map" with {:method=>:get}):
  sass (3.4.9) rails/./lib/sass/plugin/rack.rb:54:in `call'

Rendering /home/user/training/rails/todo/public/404.html (404 Not Found)


Processing TasksController#change_progress (for 192.168.1.42 at 2014-12-15 10:26:14) [PUT]
  Parameters: {"task"=>{"id"=>"170", "progress"=>"0"}, "action"=>"change_progress", "controller"=>"tasks"}

ActionView::MissingTemplate (Missing template tasks/change_progress.erb in view path app/views):
  sass (3.4.9) rails/./lib/sass/plugin/rack.rb:54:in `call'

Rendering /home/user/training/rails/todo/public/500.html (500 Internal Server Error)


Processing TasksController#show (for 192.168.1.42 at 2014-12-15 10:26:20) [GET]
  Parameters: {"action"=>"show", "id"=>"170", "controller"=>"tasks"}
Rendering template within layouts/application
Rendering tasks/show
Completed in 44ms (View: 7, DB: 31) | 200 OK [http://192.168.1.42/tasks/170]


Processing ApplicationController#index (for 192.168.1.42 at 2014-12-15 10:26:20) [GET]

ActionController::RoutingError (No route matches "/fonts/lato/lato-regular.woff" with {:method=>:get}):
  sass (3.4.9) rails/./lib/sass/plugin/rack.rb:54:in `call'

Rendering /home/user/training/rails/todo/public/404.html (404 Not Found)


Processing ApplicationController#index (for 192.168.1.42 at 2014-12-15 10:26:20) [GET]

ActionController::RoutingError (No route matches "/fonts/lato/lato-regular.ttf" with {:method=>:get}):
  sass (3.4.9) rails/./lib/sass/plugin/rack.rb:54:in `call'

Rendering /home/user/training/rails/todo/public/404.html (404 Not Found)


Processing ApplicationController#index (for 192.168.1.42 at 2014-12-15 10:26:20) [GET]

ActionController::RoutingError (No route matches "/javascripts/jquery.min.map" with {:method=>:get}):
  sass (3.4.9) rails/./lib/sass/plugin/rack.rb:54:in `call'

Rendering /home/user/training/rails/todo/public/404.html (404 Not Found)


Processing TasksController#index (for 192.168.1.42 at 2014-12-15 10:26:23) [GET]
  Parameters: {"action"=>"index", "controller"=>"tasks"}
Rendering template within layouts/application
Rendering tasks/index
Completed in 51ms (View: 2, DB: 43) | 200 OK [http://192.168.1.42/tasks]


Processing ApplicationController#index (for 192.168.1.42 at 2014-12-15 10:26:23) [GET]

ActionController::RoutingError (No route matches "/fonts/lato/lato-regular.woff" with {:method=>:get}):
  sass (3.4.9) rails/./lib/sass/plugin/rack.rb:54:in `call'

Rendering /home/user/training/rails/todo/public/404.html (404 Not Found)


Processing ApplicationController#index (for 192.168.1.42 at 2014-12-15 10:26:23) [GET]

ActionController::RoutingError (No route matches "/javascripts/jquery.min.map" with {:method=>:get}):
  sass (3.4.9) rails/./lib/sass/plugin/rack.rb:54:in `call'

Rendering /home/user/training/rails/todo/public/404.html (404 Not Found)


Processing ApplicationController#index (for 192.168.1.42 at 2014-12-15 10:26:23) [GET]

ActionController::RoutingError (No route matches "/fonts/lato/lato-regular.ttf" with {:method=>:get}):
  sass (3.4.9) rails/./lib/sass/plugin/rack.rb:54:in `call'

Rendering /home/user/training/rails/todo/public/404.html (404 Not Found)


Processing TasksController#show (for 192.168.1.42 at 2014-12-15 10:26:25) [GET]
  Parameters: {"action"=>"show", "id"=>"171", "controller"=>"tasks"}
Rendering template within layouts/application
Rendering tasks/show
Completed in 39ms (View: 6, DB: 28) | 200 OK [http://192.168.1.42/tasks/171]


Processing ApplicationController#index (for 192.168.1.42 at 2014-12-15 10:26:25) [GET]

ActionController::RoutingError (No route matches "/fonts/lato/lato-regular.woff" with {:method=>:get}):
  sass (3.4.9) rails/./lib/sass/plugin/rack.rb:54:in `call'

Rendering /home/user/training/rails/todo/public/404.html (404 Not Found)


Processing ApplicationController#index (for 192.168.1.42 at 2014-12-15 10:26:25) [GET]

ActionController::RoutingError (No route matches "/javascripts/jquery.min.map" with {:method=>:get}):
  sass (3.4.9) rails/./lib/sass/plugin/rack.rb:54:in `call'

Rendering /home/user/training/rails/todo/public/404.html (404 Not Found)


Processing ApplicationController#index (for 192.168.1.42 at 2014-12-15 10:26:25) [GET]

ActionController::RoutingError (No route matches "/fonts/lato/lato-regular.ttf" with {:method=>:get}):
  sass (3.4.9) rails/./lib/sass/plugin/rack.rb:54:in `call'

Rendering /home/user/training/rails/todo/public/404.html (404 Not Found)


Processing TasksController#index (for 192.168.1.42 at 2014-12-15 10:26:28) [GET]
  Parameters: {"action"=>"index", "controller"=>"tasks"}
Rendering template within layouts/application
Rendering tasks/index
Completed in 52ms (View: 2, DB: 46) | 200 OK [http://192.168.1.42/tasks]


Processing ApplicationController#index (for 192.168.1.42 at 2014-12-15 10:26:28) [GET]

ActionController::RoutingError (No route matches "/fonts/lato/lato-regular.woff" with {:method=>:get}):
  sass (3.4.9) rails/./lib/sass/plugin/rack.rb:54:in `call'

Rendering /home/user/training/rails/todo/public/404.html (404 Not Found)


Processing ApplicationController#index (for 192.168.1.42 at 2014-12-15 10:26:28) [GET]

ActionController::RoutingError (No route matches "/javascripts/jquery.min.map" with {:method=>:get}):
  sass (3.4.9) rails/./lib/sass/plugin/rack.rb:54:in `call'

Rendering /home/user/training/rails/todo/public/404.html (404 Not Found)


Processing ApplicationController#index (for 192.168.1.42 at 2014-12-15 10:26:28) [GET]

ActionController::RoutingError (No route matches "/fonts/lato/lato-regular.ttf" with {:method=>:get}):
  sass (3.4.9) rails/./lib/sass/plugin/rack.rb:54:in `call'

Rendering /home/user/training/rails/todo/public/404.html (404 Not Found)


Processing TasksController#show (for 192.168.1.42 at 2014-12-15 10:26:30) [GET]
  Parameters: {"action"=>"show", "id"=>"166", "controller"=>"tasks"}
Rendering template within layouts/application
Rendering tasks/show
Completed in 50ms (View: 5, DB: 41) | 200 OK [http://192.168.1.42/tasks/166]


Processing ApplicationController#index (for 192.168.1.42 at 2014-12-15 10:26:31) [GET]

ActionController::RoutingError (No route matches "/fonts/lato/lato-regular.woff" with {:method=>:get}):
  sass (3.4.9) rails/./lib/sass/plugin/rack.rb:54:in `call'

Rendering /home/user/training/rails/todo/public/404.html (404 Not Found)


Processing ApplicationController#index (for 192.168.1.42 at 2014-12-15 10:26:31) [GET]

ActionController::RoutingError (No route matches "/javascripts/jquery.min.map" with {:method=>:get}):
  sass (3.4.9) rails/./lib/sass/plugin/rack.rb:54:in `call'

Rendering /home/user/training/rails/todo/public/404.html (404 Not Found)


Processing ApplicationController#index (for 192.168.1.42 at 2014-12-15 10:26:31) [GET]

ActionController::RoutingError (No route matches "/fonts/lato/lato-regular.ttf" with {:method=>:get}):
  sass (3.4.9) rails/./lib/sass/plugin/rack.rb:54:in `call'

Rendering /home/user/training/rails/todo/public/404.html (404 Not Found)


Processing TasksController#change_progress (for 192.168.1.42 at 2014-12-15 10:26:36) [PUT]
  Parameters: {"task"=>{"id"=>"166", "progress"=>"0"}, "action"=>"change_progress", "controller"=>"tasks"}

ActionView::MissingTemplate (Missing template tasks/change_progress.erb in view path app/views):
  sass (3.4.9) rails/./lib/sass/plugin/rack.rb:54:in `call'

Rendering /home/user/training/rails/todo/public/500.html (500 Internal Server Error)


Processing TasksController#change_progress (for 192.168.1.42 at 2014-12-15 10:26:37) [PUT]
  Parameters: {"task"=>{"id"=>"166", "progress"=>"21"}, "action"=>"change_progress", "controller"=>"tasks"}
Completed in 110ms (View: 1, DB: 102) | 200 OK [http://192.168.1.42/tasks/change_progress]


Processing TasksController#show (for 192.168.1.42 at 2014-12-15 10:26:40) [GET]
  Parameters: {"action"=>"show", "id"=>"166", "controller"=>"tasks"}
Rendering template within layouts/application
Rendering tasks/show
Completed in 91ms (View: 5, DB: 83) | 200 OK [http://192.168.1.42/tasks/166]


Processing ApplicationController#index (for 192.168.1.42 at 2014-12-15 10:26:40) [GET]

ActionController::RoutingError (No route matches "/fonts/lato/lato-regular.woff" with {:method=>:get}):
  sass (3.4.9) rails/./lib/sass/plugin/rack.rb:54:in `call'

Rendering /home/user/training/rails/todo/public/404.html (404 Not Found)


Processing ApplicationController#index (for 192.168.1.42 at 2014-12-15 10:26:40) [GET]

ActionController::RoutingError (No route matches "/fonts/lato/lato-regular.ttf" with {:method=>:get}):
  sass (3.4.9) rails/./lib/sass/plugin/rack.rb:54:in `call'

Rendering /home/user/training/rails/todo/public/404.html (404 Not Found)


Processing ApplicationController#index (for 192.168.1.42 at 2014-12-15 10:26:40) [GET]

ActionController::RoutingError (No route matches "/javascripts/jquery.min.map" with {:method=>:get}):
  sass (3.4.9) rails/./lib/sass/plugin/rack.rb:54:in `call'

Rendering /home/user/training/rails/todo/public/404.html (404 Not Found)


Processing TasksController#change_status (for 192.168.1.42 at 2014-12-15 10:26:44) [PUT]
  Parameters: {"task"=>{"id"=>"166"}, "action"=>"change_status", "controller"=>"tasks"}
Completed in 110ms (View: 1, DB: 101) | 200 OK [http://192.168.1.42/tasks/change_status]


Processing ApplicationController#index (for 192.168.1.42 at 2014-12-15 10:26:45) [GET]

ActionController::RoutingError (No route matches "/fonts/lato/lato-bold.woff" with {:method=>:get}):
  sass (3.4.9) rails/./lib/sass/plugin/rack.rb:54:in `call'

Rendering /home/user/training/rails/todo/public/404.html (404 Not Found)


Processing ApplicationController#index (for 192.168.1.42 at 2014-12-15 10:26:45) [GET]

ActionController::RoutingError (No route matches "/fonts/lato/lato-bold.ttf" with {:method=>:get}):
  sass (3.4.9) rails/./lib/sass/plugin/rack.rb:54:in `call'

Rendering /home/user/training/rails/todo/public/404.html (404 Not Found)


Processing TasksController#change_progress (for 192.168.1.42 at 2014-12-15 10:26:45) [PUT]
  Parameters: {"task"=>{"id"=>"166", "progress"=>"21"}, "action"=>"change_progress", "controller"=>"tasks"}

ActionView::MissingTemplate (Missing template tasks/change_progress.erb in view path app/views):
  sass (3.4.9) rails/./lib/sass/plugin/rack.rb:54:in `call'

Rendering /home/user/training/rails/todo/public/500.html (500 Internal Server Error)


Processing TasksController#destroy (for 192.168.1.42 at 2014-12-15 10:26:46) [DELETE]
  Parameters: {"action"=>"destroy", "id"=>"166", "controller"=>"tasks"}
Redirected to http://192.168.1.42:3000/tasks
Completed in 98ms (DB: 92) | 302 Found [http://192.168.1.42/tasks/166]


Processing TasksController#index (for 192.168.1.42 at 2014-12-15 10:26:46) [GET]
  Parameters: {"action"=>"index", "controller"=>"tasks"}
Rendering template within layouts/application
Rendering tasks/index
Completed in 33ms (View: 3, DB: 25) | 200 OK [http://192.168.1.42/tasks]


Processing ApplicationController#index (for 192.168.1.42 at 2014-12-15 10:26:46) [GET]

ActionController::RoutingError (No route matches "/fonts/lato/lato-regular.woff" with {:method=>:get}):
  sass (3.4.9) rails/./lib/sass/plugin/rack.rb:54:in `call'

Rendering /home/user/training/rails/todo/public/404.html (404 Not Found)


Processing ApplicationController#index (for 192.168.1.42 at 2014-12-15 10:26:46) [GET]

ActionController::RoutingError (No route matches "/fonts/lato/lato-regular.ttf" with {:method=>:get}):
  sass (3.4.9) rails/./lib/sass/plugin/rack.rb:54:in `call'

Rendering /home/user/training/rails/todo/public/404.html (404 Not Found)


Processing TasksController#get_task_delete_confirm (for 192.168.1.42 at 2014-12-15 10:26:49) [GET]
  Parameters: {"action"=>"get_task_delete_confirm", "id"=>"165", "controller"=>"tasks"}
Completed in 48ms (View: 1, DB: 44) | 200 OK [http://192.168.1.42/tasks/get_task_delete_confirm/165]


Processing TasksController#destroy (for 192.168.1.42 at 2014-12-15 10:26:49) [DELETE]
  Parameters: {"action"=>"destroy", "id"=>"165", "controller"=>"tasks"}
Redirected to http://192.168.1.42:3000/tasks
Completed in 79ms (DB: 74) | 302 Found [http://192.168.1.42/tasks/165]


Processing TasksController#index (for 192.168.1.42 at 2014-12-15 10:26:49) [DELETE]
  Parameters: {"action"=>"index", "controller"=>"tasks"}
Rendering template within layouts/application
Rendering tasks/index
Completed in 36ms (View: 3, DB: 30) | 200 OK [http://192.168.1.42/tasks]


Processing TasksController#index (for 192.168.1.42 at 2014-12-15 10:26:53) [GET]
  Parameters: {"completed"=>"true", "action"=>"index", "controller"=>"tasks"}
Rendering template within layouts/application
Rendering tasks/index
Completed in 47ms (View: 2, DB: 41) | 200 OK [http://192.168.1.42/tasks?completed=true]


Processing ApplicationController#index (for 192.168.1.42 at 2014-12-15 10:26:53) [GET]

ActionController::RoutingError (No route matches "/fonts/lato/lato-regular.woff" with {:method=>:get}):
  sass (3.4.9) rails/./lib/sass/plugin/rack.rb:54:in `call'

Rendering /home/user/training/rails/todo/public/404.html (404 Not Found)


Processing ApplicationController#index (for 192.168.1.42 at 2014-12-15 10:26:53) [GET]

ActionController::RoutingError (No route matches "/fonts/lato/lato-regular.ttf" with {:method=>:get}):
  sass (3.4.9) rails/./lib/sass/plugin/rack.rb:54:in `call'

Rendering /home/user/training/rails/todo/public/404.html (404 Not Found)


Processing TasksController#index (for 192.168.1.42 at 2014-12-15 10:26:54) [GET]
  Parameters: {"action"=>"index", "controller"=>"tasks"}
Rendering template within layouts/application
Rendering tasks/index
Completed in 49ms (View: 2, DB: 42) | 200 OK [http://192.168.1.42/tasks]


Processing ApplicationController#index (for 192.168.1.42 at 2014-12-15 10:26:54) [GET]

ActionController::RoutingError (No route matches "/fonts/lato/lato-regular.woff" with {:method=>:get}):
  sass (3.4.9) rails/./lib/sass/plugin/rack.rb:54:in `call'

Rendering /home/user/training/rails/todo/public/404.html (404 Not Found)


Processing ApplicationController#index (for 192.168.1.42 at 2014-12-15 10:26:54) [GET]

ActionController::RoutingError (No route matches "/fonts/lato/lato-regular.ttf" with {:method=>:get}):
  sass (3.4.9) rails/./lib/sass/plugin/rack.rb:54:in `call'

Rendering /home/user/training/rails/todo/public/404.html (404 Not Found)


Processing TasksController#show (for 192.168.1.42 at 2014-12-15 10:26:57) [GET]
  Parameters: {"action"=>"show", "id"=>"169", "controller"=>"tasks"}
Rendering template within layouts/application
Rendering tasks/show
Completed in 143ms (View: 4, DB: 135) | 200 OK [http://192.168.1.42/tasks/169]


Processing ApplicationController#index (for 192.168.1.42 at 2014-12-15 10:26:57) [GET]

ActionController::RoutingError (No route matches "/fonts/lato/lato-regular.woff" with {:method=>:get}):
  sass (3.4.9) rails/./lib/sass/plugin/rack.rb:54:in `call'

Rendering /home/user/training/rails/todo/public/404.html (404 Not Found)


Processing ApplicationController#index (for 192.168.1.42 at 2014-12-15 10:26:57) [GET]

ActionController::RoutingError (No route matches "/fonts/lato/lato-regular.ttf" with {:method=>:get}):
  sass (3.4.9) rails/./lib/sass/plugin/rack.rb:54:in `call'

Rendering /home/user/training/rails/todo/public/404.html (404 Not Found)


Processing TasksController#change_progress (for 192.168.1.42 at 2014-12-15 10:27:02) [PUT]
  Parameters: {"task"=>{"id"=>"169", "progress"=>"0"}, "action"=>"change_progress", "controller"=>"tasks"}

ActionView::MissingTemplate (Missing template tasks/change_progress.erb in view path app/views):
  sass (3.4.9) rails/./lib/sass/plugin/rack.rb:54:in `call'

Rendering /home/user/training/rails/todo/public/500.html (500 Internal Server Error)


Processing TasksController#show (for 192.168.1.42 at 2014-12-15 10:27:59) [GET]
  Parameters: {"action"=>"show", "id"=>"169", "controller"=>"tasks"}
Rendering template within layouts/application
Rendering tasks/show
Completed in 65ms (View: 6, DB: 53) | 200 OK [http://192.168.1.42/tasks/169]


Processing ApplicationController#index (for 192.168.1.42 at 2014-12-15 10:27:59) [GET]

ActionController::RoutingError (No route matches "/fonts/lato/lato-regular.woff" with {:method=>:get}):
  sass (3.4.9) rails/./lib/sass/plugin/rack.rb:54:in `call'

Rendering /home/user/training/rails/todo/public/404.html (404 Not Found)


Processing ApplicationController#index (for 192.168.1.42 at 2014-12-15 10:27:59) [GET]

ActionController::RoutingError (No route matches "/fonts/lato/lato-regular.ttf" with {:method=>:get}):
  sass (3.4.9) rails/./lib/sass/plugin/rack.rb:54:in `call'

Rendering /home/user/training/rails/todo/public/404.html (404 Not Found)


Processing TasksController#index (for 192.168.1.42 at 2014-12-15 10:28:01) [GET]
  Parameters: {"action"=>"index", "controller"=>"tasks"}
Rendering template within layouts/application
Rendering tasks/index
Completed in 43ms (View: 2, DB: 37) | 200 OK [http://192.168.1.42/tasks]


Processing ApplicationController#index (for 192.168.1.42 at 2014-12-15 10:28:01) [GET]

ActionController::RoutingError (No route matches "/fonts/lato/lato-regular.woff" with {:method=>:get}):
  sass (3.4.9) rails/./lib/sass/plugin/rack.rb:54:in `call'

Rendering /home/user/training/rails/todo/public/404.html (404 Not Found)


Processing ApplicationController#index (for 192.168.1.42 at 2014-12-15 10:28:01) [GET]

ActionController::RoutingError (No route matches "/fonts/lato/lato-regular.ttf" with {:method=>:get}):
  sass (3.4.9) rails/./lib/sass/plugin/rack.rb:54:in `call'

Rendering /home/user/training/rails/todo/public/404.html (404 Not Found)


Processing TasksController#index (for 192.168.1.42 at 2014-12-15 10:28:03) [GET]
  Parameters: {"completed"=>"true", "action"=>"index", "controller"=>"tasks"}
Rendering template within layouts/application
Rendering tasks/index
Completed in 33ms (View: 5, DB: 23) | 200 OK [http://192.168.1.42/tasks?completed=true]


Processing ApplicationController#index (for 192.168.1.42 at 2014-12-15 10:28:03) [GET]

ActionController::RoutingError (No route matches "/fonts/lato/lato-regular.woff" with {:method=>:get}):
  sass (3.4.9) rails/./lib/sass/plugin/rack.rb:54:in `call'

Rendering /home/user/training/rails/todo/public/404.html (404 Not Found)


Processing ApplicationController#index (for 192.168.1.42 at 2014-12-15 10:28:03) [GET]

ActionController::RoutingError (No route matches "/fonts/lato/lato-regular.ttf" with {:method=>:get}):
  sass (3.4.9) rails/./lib/sass/plugin/rack.rb:54:in `call'

Rendering /home/user/training/rails/todo/public/404.html (404 Not Found)


Processing TasksController#index (for 192.168.1.42 at 2014-12-15 10:28:04) [GET]
  Parameters: {"action"=>"index", "controller"=>"tasks"}
Rendering template within layouts/application
Rendering tasks/index
Completed in 46ms (View: 2, DB: 39) | 200 OK [http://192.168.1.42/tasks]


Processing ApplicationController#index (for 192.168.1.42 at 2014-12-15 10:28:04) [GET]

ActionController::RoutingError (No route matches "/fonts/lato/lato-regular.woff" with {:method=>:get}):
  sass (3.4.9) rails/./lib/sass/plugin/rack.rb:54:in `call'

Rendering /home/user/training/rails/todo/public/404.html (404 Not Found)


Processing ApplicationController#index (for 192.168.1.42 at 2014-12-15 10:28:04) [GET]

ActionController::RoutingError (No route matches "/fonts/lato/lato-regular.ttf" with {:method=>:get}):
  sass (3.4.9) rails/./lib/sass/plugin/rack.rb:54:in `call'

Rendering /home/user/training/rails/todo/public/404.html (404 Not Found)


Processing TasksController#show (for 192.168.1.42 at 2014-12-15 10:28:06) [GET]
  Parameters: {"action"=>"show", "id"=>"169", "controller"=>"tasks"}
Rendering template within layouts/application
Rendering tasks/show
Completed in 60ms (View: 7, DB: 49) | 200 OK [http://192.168.1.42/tasks/169]


Processing ApplicationController#index (for 192.168.1.42 at 2014-12-15 10:28:06) [GET]

ActionController::RoutingError (No route matches "/fonts/lato/lato-regular.woff" with {:method=>:get}):
  sass (3.4.9) rails/./lib/sass/plugin/rack.rb:54:in `call'

Rendering /home/user/training/rails/todo/public/404.html (404 Not Found)


Processing ApplicationController#index (for 192.168.1.42 at 2014-12-15 10:28:06) [GET]

ActionController::RoutingError (No route matches "/fonts/lato/lato-regular.ttf" with {:method=>:get}):
  sass (3.4.9) rails/./lib/sass/plugin/rack.rb:54:in `call'

Rendering /home/user/training/rails/todo/public/404.html (404 Not Found)


Processing ApplicationController#index (for 192.168.1.42 at 2014-12-15 10:28:09) [GET]

ActionController::RoutingError (No route matches "/fonts/lato/lato-bold.woff" with {:method=>:get}):
  sass (3.4.9) rails/./lib/sass/plugin/rack.rb:54:in `call'

Rendering /home/user/training/rails/todo/public/404.html (404 Not Found)


Processing ApplicationController#index (for 192.168.1.42 at 2014-12-15 10:28:09) [GET]

ActionController::RoutingError (No route matches "/fonts/lato/lato-bold.ttf" with {:method=>:get}):
  sass (3.4.9) rails/./lib/sass/plugin/rack.rb:54:in `call'

Rendering /home/user/training/rails/todo/public/404.html (404 Not Found)


Processing TasksController#change_progress (for 192.168.1.42 at 2014-12-15 10:28:11) [PUT]
  Parameters: {"task"=>{"id"=>"169", "progress"=>"0"}, "action"=>"change_progress", "controller"=>"tasks"}

ActionView::MissingTemplate (Missing template tasks/change_progress.erb in view path app/views):
  sass (3.4.9) rails/./lib/sass/plugin/rack.rb:54:in `call'

Rendering /home/user/training/rails/todo/public/500.html (500 Internal Server Error)


Processing TasksController#share_task (for 192.168.1.42 at 2014-12-15 10:28:13) [PUT]
  Parameters: {"action"=>"share_task", "authenticity_token"=>"CrYfk66QhLpdHZvyaryDgpYxyBFPTf7GIaNajrI+pdI=", "id"=>"169", "check"=>{"5"=>"on", "4"=>"on"}, "_method"=>"put", "controller"=>"tasks"}
Redirected to http://192.168.1.42:3000/tasks/169
Completed in 468ms (DB: 462) | 302 Found [http://192.168.1.42/tasks/share_task/169]


Processing TasksController#show (for 192.168.1.42 at 2014-12-15 10:28:13) [GET]
  Parameters: {"action"=>"show", "id"=>"169", "controller"=>"tasks"}
Rendering template within layouts/application
Rendering tasks/show
Completed in 115ms (View: 4, DB: 107) | 200 OK [http://192.168.1.42/tasks/169]


Processing TasksController#change_progress (for 192.168.1.42 at 2014-12-15 10:28:13) [PUT]
  Parameters: {"task"=>{"id"=>"169", "progress"=>"21"}, "action"=>"change_progress", "controller"=>"tasks"}
Completed in 257ms (View: 1, DB: 251) | 200 OK [http://192.168.1.42/tasks/change_progress]


Processing ApplicationController#index (for 192.168.1.42 at 2014-12-15 10:28:14) [GET]

ActionController::RoutingError (No route matches "/fonts/lato/lato-regular.woff" with {:method=>:get}):
  sass (3.4.9) rails/./lib/sass/plugin/rack.rb:54:in `call'

Rendering /home/user/training/rails/todo/public/404.html (404 Not Found)


Processing ApplicationController#index (for 192.168.1.42 at 2014-12-15 10:28:14) [GET]

ActionController::RoutingError (No route matches "/fonts/lato/lato-regular.ttf" with {:method=>:get}):
  sass (3.4.9) rails/./lib/sass/plugin/rack.rb:54:in `call'

Rendering /home/user/training/rails/todo/public/404.html (404 Not Found)


Processing TasksController#change_progress (for 192.168.1.42 at 2014-12-15 10:28:19) [PUT]
  Parameters: {"task"=>{"id"=>"169", "progress"=>"0"}, "action"=>"change_progress", "controller"=>"tasks"}

ActionView::MissingTemplate (Missing template tasks/change_progress.erb in view path app/views):
  sass (3.4.9) rails/./lib/sass/plugin/rack.rb:54:in `call'

Rendering /home/user/training/rails/todo/public/500.html (500 Internal Server Error)


Processing TasksController#change_progress (for 192.168.1.42 at 2014-12-15 10:28:20) [PUT]
  Parameters: {"task"=>{"id"=>"169", "progress"=>"28"}, "action"=>"change_progress", "controller"=>"tasks"}
Completed in 305ms (View: 1, DB: 300) | 200 OK [http://192.168.1.42/tasks/change_progress]


Processing TasksController#index (for 192.168.1.42 at 2014-12-15 10:30:06) [GET]
  Parameters: {"action"=>"index", "controller"=>"tasks"}
Rendering template within layouts/application
Rendering tasks/index
Completed in 49ms (View: 2, DB: 42) | 200 OK [http://192.168.1.42/tasks]


Processing ApplicationController#index (for 192.168.1.42 at 2014-12-15 10:30:06) [GET]

ActionController::RoutingError (No route matches "/fonts/lato/lato-regular.woff" with {:method=>:get}):
  sass (3.4.9) rails/./lib/sass/plugin/rack.rb:54:in `call'

Rendering /home/user/training/rails/todo/public/404.html (404 Not Found)


Processing ApplicationController#index (for 192.168.1.42 at 2014-12-15 10:30:06) [GET]

ActionController::RoutingError (No route matches "/fonts/lato/lato-regular.ttf" with {:method=>:get}):
  sass (3.4.9) rails/./lib/sass/plugin/rack.rb:54:in `call'

Rendering /home/user/training/rails/todo/public/404.html (404 Not Found)


Processing TasksController#index (for 192.168.1.42 at 2014-12-15 10:31:42) [GET]
  Parameters: {"action"=>"index", "controller"=>"tasks"}
Rendering template within layouts/application
Rendering tasks/index
Completed in 138ms (View: 2, DB: 132) | 200 OK [http://192.168.1.42/tasks]


Processing ApplicationController#index (for 192.168.1.42 at 2014-12-15 10:31:42) [GET]

ActionController::RoutingError (No route matches "/fonts/lato/lato-regular.woff" with {:method=>:get}):
  sass (3.4.9) rails/./lib/sass/plugin/rack.rb:54:in `call'

Rendering /home/user/training/rails/todo/public/404.html (404 Not Found)


Processing ApplicationController#index (for 192.168.1.42 at 2014-12-15 10:31:42) [GET]

ActionController::RoutingError (No route matches "/fonts/lato/lato-regular.ttf" with {:method=>:get}):
  sass (3.4.9) rails/./lib/sass/plugin/rack.rb:54:in `call'

Rendering /home/user/training/rails/todo/public/404.html (404 Not Found)


Processing TasksController#index (for 192.168.1.42 at 2014-12-15 10:31:44) [GET]
  Parameters: {"action"=>"index", "controller"=>"tasks"}
Rendering template within layouts/application
Rendering tasks/index
Completed in 49ms (View: 2, DB: 43) | 200 OK [http://192.168.1.42/tasks]


Processing ApplicationController#index (for 192.168.1.42 at 2014-12-15 10:31:44) [GET]

ActionController::RoutingError (No route matches "/fonts/lato/lato-regular.woff" with {:method=>:get}):
  sass (3.4.9) rails/./lib/sass/plugin/rack.rb:54:in `call'

Rendering /home/user/training/rails/todo/public/404.html (404 Not Found)


Processing ApplicationController#index (for 192.168.1.42 at 2014-12-15 10:31:44) [GET]

ActionController::RoutingError (No route matches "/fonts/lato/lato-regular.ttf" with {:method=>:get}):
  sass (3.4.9) rails/./lib/sass/plugin/rack.rb:54:in `call'

Rendering /home/user/training/rails/todo/public/404.html (404 Not Found)


Processing TasksController#index (for 192.168.1.42 at 2014-12-15 10:31:50) [GET]
  Parameters: {"action"=>"index", "controller"=>"tasks"}
Rendering template within layouts/application
Rendering tasks/index
Completed in 49ms (View: 3, DB: 42) | 200 OK [http://192.168.1.42/tasks]


Processing ApplicationController#index (for 192.168.1.42 at 2014-12-15 10:31:50) [GET]

ActionController::RoutingError (No route matches "/fonts/lato/lato-regular.woff" with {:method=>:get}):
  sass (3.4.9) rails/./lib/sass/plugin/rack.rb:54:in `call'

Rendering /home/user/training/rails/todo/public/404.html (404 Not Found)


Processing ApplicationController#index (for 192.168.1.42 at 2014-12-15 10:31:50) [GET]

ActionController::RoutingError (No route matches "/fonts/lato/lato-regular.ttf" with {:method=>:get}):
  sass (3.4.9) rails/./lib/sass/plugin/rack.rb:54:in `call'

Rendering /home/user/training/rails/todo/public/404.html (404 Not Found)


Processing TasksController#index (for 192.168.1.41 at 2014-12-15 10:32:09) [GET]
  Parameters: {"action"=>"index", "controller"=>"tasks"}
Redirected to http://192.168.1.42:3000/login
Filter chain halted as [:check_loggedin] rendered_or_redirected.
Completed in 2ms (DB: 0) | 302 Found [http://192.168.1.42/]


Processing UserSessionsController#new (for 192.168.1.41 at 2014-12-15 10:32:09) [GET]
  Parameters: {"action"=>"new", "controller"=>"user_sessions"}
Rendering template within layouts/application
Rendering user_sessions/new
Completed in 5ms (View: 4, DB: 0) | 200 OK [http://192.168.1.42/login]


Processing ApplicationController#index (for 192.168.1.41 at 2014-12-15 10:32:09) [GET]

ActionController::RoutingError (No route matches "/fonts/lato/lato-regular.woff" with {:method=>:get}):
  sass (3.4.9) rails/./lib/sass/plugin/rack.rb:54:in `call'

Rendering /home/user/training/rails/todo/public/404.html (404 Not Found)


Processing ApplicationController#index (for 192.168.1.41 at 2014-12-15 10:32:09) [GET]

ActionController::RoutingError (No route matches "/fonts/lato/lato-regular.ttf" with {:method=>:get}):
  sass (3.4.9) rails/./lib/sass/plugin/rack.rb:54:in `call'

Rendering /home/user/training/rails/todo/public/404.html (404 Not Found)


Processing UserSessionsController#create (for 192.168.1.41 at 2014-12-15 10:32:11) [POST]
  Parameters: {"user_session"=>{"password"=>"[FILTERED]", "email"=>"sobin@foradian.com"}, "action"=>"create", "authenticity_token"=>"kB8rrcjoIOztByeV/GF12nAIavYk2ENwnr75QXPaXc0=", "controller"=>"user_sessions"}
Redirected to http://192.168.1.42:3000/
Completed in 49ms (DB: 41) | 302 Found [http://192.168.1.42/user_sessions]


Processing TasksController#index (for 192.168.1.41 at 2014-12-15 10:32:11) [GET]
  Parameters: {"action"=>"index", "controller"=>"tasks"}
Rendering template within layouts/application
Rendering tasks/index
Completed in 39ms (View: 4, DB: 31) | 200 OK [http://192.168.1.42/]


Processing ApplicationController#index (for 192.168.1.41 at 2014-12-15 10:32:11) [GET]

ActionController::RoutingError (No route matches "/fonts/lato/lato-bold.woff" with {:method=>:get}):
  sass (3.4.9) rails/./lib/sass/plugin/rack.rb:54:in `call'

Rendering /home/user/training/rails/todo/public/404.html (404 Not Found)


Processing ApplicationController#index (for 192.168.1.41 at 2014-12-15 10:32:11) [GET]

ActionController::RoutingError (No route matches "/fonts/lato/lato-regular.woff" with {:method=>:get}):
  sass (3.4.9) rails/./lib/sass/plugin/rack.rb:54:in `call'

Rendering /home/user/training/rails/todo/public/404.html (404 Not Found)


Processing ApplicationController#index (for 192.168.1.41 at 2014-12-15 10:32:11) [GET]

ActionController::RoutingError (No route matches "/fonts/lato/lato-bold.ttf" with {:method=>:get}):
  sass (3.4.9) rails/./lib/sass/plugin/rack.rb:54:in `call'

Rendering /home/user/training/rails/todo/public/404.html (404 Not Found)


Processing ApplicationController#index (for 192.168.1.41 at 2014-12-15 10:32:11) [GET]

ActionController::RoutingError (No route matches "/fonts/lato/lato-regular.ttf" with {:method=>:get}):
  sass (3.4.9) rails/./lib/sass/plugin/rack.rb:54:in `call'

Rendering /home/user/training/rails/todo/public/404.html (404 Not Found)


Processing TasksController#index (for 192.168.1.41 at 2014-12-15 10:32:12) [GET]
  Parameters: {"completed"=>"true", "action"=>"index", "controller"=>"tasks"}
Rendering template within layouts/application
Rendering tasks/index
Completed in 45ms (View: 2, DB: 38) | 200 OK [http://192.168.1.42/tasks?completed=true]


Processing ApplicationController#index (for 192.168.1.41 at 2014-12-15 10:32:12) [GET]

ActionController::RoutingError (No route matches "/fonts/lato/lato-regular.woff" with {:method=>:get}):
  sass (3.4.9) rails/./lib/sass/plugin/rack.rb:54:in `call'

Rendering /home/user/training/rails/todo/public/404.html (404 Not Found)


Processing ApplicationController#index (for 192.168.1.41 at 2014-12-15 10:32:12) [GET]

ActionController::RoutingError (No route matches "/fonts/lato/lato-regular.ttf" with {:method=>:get}):
  sass (3.4.9) rails/./lib/sass/plugin/rack.rb:54:in `call'

Rendering /home/user/training/rails/todo/public/404.html (404 Not Found)


Processing TasksController#index (for 192.168.1.41 at 2014-12-15 10:32:15) [GET]
  Parameters: {"completed"=>"true", "action"=>"index", "controller"=>"tasks"}
Rendering template within layouts/application
Rendering tasks/index
Completed in 61ms (View: 6, DB: 46) | 200 OK [http://192.168.1.42/tasks?completed=true]


Processing ApplicationController#index (for 192.168.1.41 at 2014-12-15 10:32:16) [GET]

ActionController::RoutingError (No route matches "/fonts/lato/lato-regular.woff" with {:method=>:get}):
  sass (3.4.9) rails/./lib/sass/plugin/rack.rb:54:in `call'

Rendering /home/user/training/rails/todo/public/404.html (404 Not Found)


Processing ApplicationController#index (for 192.168.1.41 at 2014-12-15 10:32:16) [GET]

ActionController::RoutingError (No route matches "/fonts/lato/lato-regular.ttf" with {:method=>:get}):
  sass (3.4.9) rails/./lib/sass/plugin/rack.rb:54:in `call'

Rendering /home/user/training/rails/todo/public/404.html (404 Not Found)


Processing TasksController#index (for 192.168.1.41 at 2014-12-15 10:32:44) [GET]
  Parameters: {"action"=>"index", "controller"=>"tasks"}
Rendering template within layouts/application
Rendering tasks/index
Completed in 59ms (View: 4, DB: 47) | 200 OK [http://192.168.1.42/tasks]


Processing ApplicationController#index (for 192.168.1.41 at 2014-12-15 10:32:44) [GET]

ActionController::RoutingError (No route matches "/fonts/lato/lato-regular.woff" with {:method=>:get}):
  sass (3.4.9) rails/./lib/sass/plugin/rack.rb:54:in `call'

Rendering /home/user/training/rails/todo/public/404.html (404 Not Found)


Processing ApplicationController#index (for 192.168.1.41 at 2014-12-15 10:32:44) [GET]

ActionController::RoutingError (No route matches "/fonts/lato/lato-regular.ttf" with {:method=>:get}):
  sass (3.4.9) rails/./lib/sass/plugin/rack.rb:54:in `call'

Rendering /home/user/training/rails/todo/public/404.html (404 Not Found)


Processing TasksController#create (for 192.168.1.41 at 2014-12-15 10:32:47) [POST]
  Parameters: {"user"=>{"user_id"=>"", "name"=>"assdddd", "status"=>"0"}, "action"=>"create", "controller"=>"tasks"}
Completed in 74ms (View: 1, DB: 64) | 200 OK [http://192.168.1.42/tasks/create]


Processing TasksController#show (for 192.168.1.41 at 2014-12-15 10:32:50) [GET]
  Parameters: {"action"=>"show", "id"=>"172", "controller"=>"tasks"}
Rendering template within layouts/application
Rendering tasks/show
Completed in 63ms (View: 3, DB: 55) | 200 OK [http://192.168.1.42/tasks/172]


Processing ApplicationController#index (for 192.168.1.41 at 2014-12-15 10:32:51) [GET]

ActionController::RoutingError (No route matches "/fonts/lato/lato-regular.woff" with {:method=>:get}):
  sass (3.4.9) rails/./lib/sass/plugin/rack.rb:54:in `call'

Rendering /home/user/training/rails/todo/public/404.html (404 Not Found)


Processing ApplicationController#index (for 192.168.1.41 at 2014-12-15 10:32:51) [GET]

ActionController::RoutingError (No route matches "/fonts/lato/lato-regular.ttf" with {:method=>:get}):
  sass (3.4.9) rails/./lib/sass/plugin/rack.rb:54:in `call'

Rendering /home/user/training/rails/todo/public/404.html (404 Not Found)


Processing TasksController#change_progress (for 192.168.1.41 at 2014-12-15 10:32:56) [PUT]
  Parameters: {"task"=>{"id"=>"172", "progress"=>"0"}, "action"=>"change_progress", "controller"=>"tasks"}

ActionView::MissingTemplate (Missing template tasks/change_progress.erb in view path app/views):
  sass (3.4.9) rails/./lib/sass/plugin/rack.rb:54:in `call'

Rendering /home/user/training/rails/todo/public/500.html (500 Internal Server Error)


Processing TasksController#change_progress (for 192.168.1.41 at 2014-12-15 10:32:58) [PUT]
  Parameters: {"task"=>{"id"=>"172", "progress"=>"48"}, "action"=>"change_progress", "controller"=>"tasks"}
Completed in 115ms (View: 1, DB: 102) | 200 OK [http://192.168.1.42/tasks/change_progress]


Processing ApplicationController#index (for 192.168.1.41 at 2014-12-15 10:32:58) [GET]

ActionController::RoutingError (No route matches "/fonts/lato/lato-bold.woff" with {:method=>:get}):
  sass (3.4.9) rails/./lib/sass/plugin/rack.rb:54:in `call'

Rendering /home/user/training/rails/todo/public/404.html (404 Not Found)


Processing ApplicationController#index (for 192.168.1.41 at 2014-12-15 10:32:58) [GET]

ActionController::RoutingError (No route matches "/fonts/lato/lato-bold.ttf" with {:method=>:get}):
  sass (3.4.9) rails/./lib/sass/plugin/rack.rb:54:in `call'

Rendering /home/user/training/rails/todo/public/404.html (404 Not Found)


Processing TasksController#share_task (for 192.168.1.41 at 2014-12-15 10:33:03) [PUT]
  Parameters: {"action"=>"share_task", "authenticity_token"=>"kB8rrcjoIOztByeV/GF12nAIavYk2ENwnr75QXPaXc0=", "id"=>"172", "check"=>{"5"=>"on", "4"=>"on", "2"=>"on"}, "_method"=>"put", "controller"=>"tasks"}
Redirected to http://192.168.1.42:3000/tasks/172
Completed in 138ms (DB: 126) | 302 Found [http://192.168.1.42/tasks/share_task/172]


Processing TasksController#show (for 192.168.1.41 at 2014-12-15 10:33:03) [GET]
  Parameters: {"action"=>"show", "id"=>"172", "controller"=>"tasks"}
Rendering template within layouts/application
Rendering tasks/show
Completed in 61ms (View: 5, DB: 47) | 200 OK [http://192.168.1.42/tasks/172]


Processing ApplicationController#index (for 192.168.1.41 at 2014-12-15 10:33:03) [GET]

ActionController::RoutingError (No route matches "/fonts/lato/lato-regular.woff" with {:method=>:get}):
  sass (3.4.9) rails/./lib/sass/plugin/rack.rb:54:in `call'

Rendering /home/user/training/rails/todo/public/404.html (404 Not Found)


Processing ApplicationController#index (for 192.168.1.41 at 2014-12-15 10:33:03) [GET]

ActionController::RoutingError (No route matches "/fonts/lato/lato-regular.ttf" with {:method=>:get}):
  sass (3.4.9) rails/./lib/sass/plugin/rack.rb:54:in `call'

Rendering /home/user/training/rails/todo/public/404.html (404 Not Found)


Processing TasksController#change_progress (for 192.168.1.41 at 2014-12-15 10:33:08) [PUT]
  Parameters: {"task"=>{"id"=>"172", "progress"=>"48"}, "action"=>"change_progress", "controller"=>"tasks"}

ActionView::MissingTemplate (Missing template tasks/change_progress.erb in view path app/views):
  sass (3.4.9) rails/./lib/sass/plugin/rack.rb:54:in `call'

Rendering /home/user/training/rails/todo/public/500.html (500 Internal Server Error)


Processing TasksController#index (for 192.168.1.42 at 2014-12-15 10:33:10) [GET]
  Parameters: {"action"=>"index", "controller"=>"tasks"}
Rendering template within layouts/application
Rendering tasks/index
Completed in 130ms (View: 2, DB: 124) | 200 OK [http://192.168.1.42/tasks]


Processing ApplicationController#index (for 192.168.1.42 at 2014-12-15 10:33:10) [GET]

ActionController::RoutingError (No route matches "/fonts/lato/lato-regular.woff" with {:method=>:get}):
  sass (3.4.9) rails/./lib/sass/plugin/rack.rb:54:in `call'

Rendering /home/user/training/rails/todo/public/404.html (404 Not Found)


Processing ApplicationController#index (for 192.168.1.42 at 2014-12-15 10:33:10) [GET]

ActionController::RoutingError (No route matches "/fonts/lato/lato-regular.ttf" with {:method=>:get}):
  sass (3.4.9) rails/./lib/sass/plugin/rack.rb:54:in `call'

Rendering /home/user/training/rails/todo/public/404.html (404 Not Found)


Processing TasksController#move_up (for 192.168.1.42 at 2014-12-15 10:33:14) [PUT]
  Parameters: {"task"=>{"position"=>"242"}, "action"=>"move_up", "controller"=>"tasks"}
Completed in 258ms (View: 0, DB: 252) | 200 OK [http://192.168.1.42/tasks/move_up]


Processing TasksController#index (for 192.168.1.42 at 2014-12-15 10:33:16) [GET]
  Parameters: {"action"=>"index", "controller"=>"tasks"}
Rendering template within layouts/application
Rendering tasks/index
Completed in 53ms (View: 4, DB: 44) | 200 OK [http://192.168.1.42/tasks]


Processing ApplicationController#index (for 192.168.1.42 at 2014-12-15 10:33:17) [GET]

ActionController::RoutingError (No route matches "/fonts/lato/lato-regular.woff" with {:method=>:get}):
  sass (3.4.9) rails/./lib/sass/plugin/rack.rb:54:in `call'

Rendering /home/user/training/rails/todo/public/404.html (404 Not Found)


Processing ApplicationController#index (for 192.168.1.42 at 2014-12-15 10:33:17) [GET]

ActionController::RoutingError (No route matches "/fonts/lato/lato-regular.ttf" with {:method=>:get}):
  sass (3.4.9) rails/./lib/sass/plugin/rack.rb:54:in `call'

Rendering /home/user/training/rails/todo/public/404.html (404 Not Found)


Processing TasksController#show (for 192.168.1.42 at 2014-12-15 10:33:44) [GET]
  Parameters: {"action"=>"show", "id"=>"172", "controller"=>"tasks"}
Rendering template within layouts/application
Rendering tasks/show
Completed in 42ms (View: 4, DB: 31) | 200 OK [http://192.168.1.42/tasks/172]


Processing ApplicationController#index (for 192.168.1.42 at 2014-12-15 10:33:45) [GET]

ActionController::RoutingError (No route matches "/fonts/lato/lato-regular.woff" with {:method=>:get}):
  sass (3.4.9) rails/./lib/sass/plugin/rack.rb:54:in `call'

Rendering /home/user/training/rails/todo/public/404.html (404 Not Found)


Processing ApplicationController#index (for 192.168.1.42 at 2014-12-15 10:33:45) [GET]

ActionController::RoutingError (No route matches "/fonts/lato/lato-regular.ttf" with {:method=>:get}):
  sass (3.4.9) rails/./lib/sass/plugin/rack.rb:54:in `call'

Rendering /home/user/training/rails/todo/public/404.html (404 Not Found)


Processing TasksController#change_progress (for 192.168.1.42 at 2014-12-15 10:33:50) [PUT]
  Parameters: {"task"=>{"id"=>"172", "progress"=>"48"}, "action"=>"change_progress", "controller"=>"tasks"}

ActionView::MissingTemplate (Missing template tasks/change_progress.erb in view path app/views):
  sass (3.4.9) rails/./lib/sass/plugin/rack.rb:54:in `call'

Rendering /home/user/training/rails/todo/public/500.html (500 Internal Server Error)


Processing TasksController#index (for 192.168.1.42 at 2014-12-15 10:34:05) [GET]
  Parameters: {"action"=>"index", "controller"=>"tasks"}
Rendering template within layouts/application
Rendering tasks/index
Completed in 137ms (View: 2, DB: 131) | 200 OK [http://192.168.1.42/tasks]


Processing ApplicationController#index (for 192.168.1.42 at 2014-12-15 10:34:06) [GET]

ActionController::RoutingError (No route matches "/fonts/lato/lato-regular.woff" with {:method=>:get}):
  sass (3.4.9) rails/./lib/sass/plugin/rack.rb:54:in `call'

Rendering /home/user/training/rails/todo/public/404.html (404 Not Found)


Processing ApplicationController#index (for 192.168.1.42 at 2014-12-15 10:34:06) [GET]

ActionController::RoutingError (No route matches "/fonts/lato/lato-regular.ttf" with {:method=>:get}):
  sass (3.4.9) rails/./lib/sass/plugin/rack.rb:54:in `call'

Rendering /home/user/training/rails/todo/public/404.html (404 Not Found)


Processing TasksController#show (for 192.168.1.42 at 2014-12-15 10:34:07) [GET]
  Parameters: {"action"=>"show", "id"=>"172", "controller"=>"tasks"}
Rendering template within layouts/application
Rendering tasks/show
Completed in 49ms (View: 5, DB: 40) | 200 OK [http://192.168.1.42/tasks/172]


Processing ApplicationController#index (for 192.168.1.42 at 2014-12-15 10:34:07) [GET]

ActionController::RoutingError (No route matches "/fonts/lato/lato-regular.woff" with {:method=>:get}):
  sass (3.4.9) rails/./lib/sass/plugin/rack.rb:54:in `call'

Rendering /home/user/training/rails/todo/public/404.html (404 Not Found)


Processing ApplicationController#index (for 192.168.1.42 at 2014-12-15 10:34:08) [GET]

ActionController::RoutingError (No route matches "/fonts/lato/lato-regular.ttf" with {:method=>:get}):
  sass (3.4.9) rails/./lib/sass/plugin/rack.rb:54:in `call'

Rendering /home/user/training/rails/todo/public/404.html (404 Not Found)


Processing TasksController#change_progress (for 192.168.1.42 at 2014-12-15 10:34:12) [PUT]
  Parameters: {"task"=>{"id"=>"172", "progress"=>"48"}, "action"=>"change_progress", "controller"=>"tasks"}

ActionView::MissingTemplate (Missing template tasks/change_progress.erb in view path app/views):
  sass (3.4.9) rails/./lib/sass/plugin/rack.rb:54:in `call'

Rendering /home/user/training/rails/todo/public/500.html (500 Internal Server Error)


Processing TasksController#index (for 192.168.1.42 at 2014-12-15 10:34:13) [GET]
  Parameters: {"action"=>"index", "controller"=>"tasks"}
Rendering template within layouts/application
Rendering tasks/index
Completed in 63ms (View: 9, DB: 49) | 200 OK [http://192.168.1.42/tasks]


Processing ApplicationController#index (for 192.168.1.42 at 2014-12-15 10:34:13) [GET]

ActionController::RoutingError (No route matches "/fonts/lato/lato-regular.woff" with {:method=>:get}):
  sass (3.4.9) rails/./lib/sass/plugin/rack.rb:54:in `call'

Rendering /home/user/training/rails/todo/public/404.html (404 Not Found)


Processing ApplicationController#index (for 192.168.1.42 at 2014-12-15 10:34:13) [GET]

ActionController::RoutingError (No route matches "/fonts/lato/lato-regular.ttf" with {:method=>:get}):
  sass (3.4.9) rails/./lib/sass/plugin/rack.rb:54:in `call'

Rendering /home/user/training/rails/todo/public/404.html (404 Not Found)
